blank/build/app/intermediates/manifest_merge_blame_file/debug/manifest-merger-blame-debug-report.txt
1<?xml version="1.0" encoding="utf-8"?>
2<manifest xmlns:android="http://schemas.android.com/apk/res/android"
3    package="com.example.blank"
4    android:versionCode="1"
5    android:versionName="1.0.0" >
6
7    <uses-sdk
8        android:minSdkVersion="21"
9        android:targetSdkVersion="29" />
10    <!--
11         Flutter needs it to communicate with the running application
12         to allow setting breakpoints, to provide hot reload, etc.
13    -->
14    <uses-permission android:name="android.permission.INTERNET" />
14-->src\debug\AndroidManifest.xml:6:5-66
14-->src\debug\AndroidManifest.xml:6:22-64
15
16    <uses-feature android:glEsVersion="0x00020000" />
16-->[:here_sdk] AndroidManifest.xml:7:5-54
16-->[:here_sdk] AndroidManifest.xml:7:19-51
17
18    <uses-permission android:name="android.permission.ACCESS_NETWORK_STATE" />
18-->[:heresdk-explore-4.6.4.0.4649.release:] AndroidManifest.xml:11:5-79
18-->[:heresdk-explore-4.6.4.0.4649.release:] AndroidManifest.xml:11:22-76
19    <!--
20 io.flutter.app.FlutterApplication is an android.app.Application that
21         calls FlutterMain.startInitialization(this); in its onCreate method.
22         In most cases you can leave this as-is, but you if you want to provide
23         additional functionality it is fine to subclass or reimplement
24         FlutterApplication and put your custom class here.
25    -->
26    <application
26-->src\main\AndroidManifest.xml:8:5-52:19
27        android:name="io.flutter.app.FlutterApplication"
27-->src\main\AndroidManifest.xml:9:9-57
28        android:appComponentFactory="androidx.core.app.CoreComponentFactory"
28-->[androidx.core:core:1.1.0] AndroidManifest.xml:24:18-86
29        android:debuggable="true"
30        android:icon="@mipmap/ic_launcher"
30-->src\main\AndroidManifest.xml:11:9-43
31        android:label="blank" >
31-->src\main\AndroidManifest.xml:10:9-30
32        <meta-data
32-->src\main\AndroidManifest.xml:16:5-98
33            android:name="com.here.sdk.access_key_id"
33-->src\main\AndroidManifest.xml:16:16-57
34            android:value="IvlcF0pvXA-r2rb5ltysfw" />
34-->src\main\AndroidManifest.xml:16:58-96
35        <meta-data
35-->src\main\AndroidManifest.xml:17:5-166
36            android:name="com.here.sdk.access_key_secret"
36-->src\main\AndroidManifest.xml:17:16-61
37            android:value="toJ0X1pCdaSgA9PFeUZ4ZwcdHUtRIz-wCHB4TI1YOgAGe0xJswk2OiUXnXQq32dId9IveK4PHbUDBdtJAifdQQ" />
37-->src\main\AndroidManifest.xml:17:62-164
38
39        <activity
39-->src\main\AndroidManifest.xml:18:9-46:20
40            android:name="com.example.blank.MainActivity"
40-->src\main\AndroidManifest.xml:19:13-41
41            android:configChanges="orientation|keyboardHidden|keyboard|screenSize|smallestScreenSize|locale|layoutDirection|fontScale|screenLayout|density|uiMode"
41-->src\main\AndroidManifest.xml:22:13-163
42            android:hardwareAccelerated="true"
42-->src\main\AndroidManifest.xml:23:13-47
43            android:launchMode="singleTop"
43-->src\main\AndroidManifest.xml:20:13-43
44            android:theme="@style/LaunchTheme"
44-->src\main\AndroidManifest.xml:21:13-47
45            android:windowSoftInputMode="adjustResize" >
45-->src\main\AndroidManifest.xml:24:13-55
46
47            <!--
48                 Specifies an Android theme to apply to this Activity as soon as
49                 the Android process has started. This theme is visible to the user
50                 while the Flutter UI initializes. After that, this theme continues
51                 to determine the Window background behind the Flutter UI.
52            -->
53            <meta-data
53-->src\main\AndroidManifest.xml:29:13-32:17
54                android:name="io.flutter.embedding.android.NormalTheme"
54-->src\main\AndroidManifest.xml:30:15-70
55                android:resource="@style/NormalTheme" />
55-->src\main\AndroidManifest.xml:31:15-52
56            <!--
57                 Displays an Android View that continues showing the launch screen
58                 Drawable until Flutter paints its first frame, then this splash
59                 screen fades out. A splash screen is useful to avoid any visual
60                 gap between the end of Android's launch screen and the painting of
61                 Flutter's first frame.
62            -->
63            <meta-data
63-->src\main\AndroidManifest.xml:38:13-41:17
64                android:name="io.flutter.embedding.android.SplashScreenDrawable"
64-->src\main\AndroidManifest.xml:39:15-79
65                android:resource="@drawable/launch_background" />
65-->src\main\AndroidManifest.xml:40:15-61
66
67            <intent-filter>
67-->src\main\AndroidManifest.xml:42:13-45:29
68                <action android:name="android.intent.action.MAIN" />
68-->src\main\AndroidManifest.xml:43:17-68
68-->src\main\AndroidManifest.xml:43:25-66
69
70                <category android:name="android.intent.category.LAUNCHER" />
70-->src\main\AndroidManifest.xml:44:17-76
70-->src\main\AndroidManifest.xml:44:27-74
71            </intent-filter>
72        </activity>
73        <!--
74             Don't delete the meta-data below.
75             This is used by the Flutter tool to generate GeneratedPluginRegistrant.java
76        -->
77        <meta-data
77-->src\main\AndroidManifest.xml:49:9-51:33
78            android:name="flutterEmbedding"
78-->src\main\AndroidManifest.xml:50:13-44
79            android:value="2" />
79-->src\main\AndroidManifest.xml:51:13-30
80        <!-- ${applicationId} will be replaced to ${applicationId} after the manifest merge. -->
81        <provider
81-->[:heresdk-explore-4.6.4.0.4649.release:] AndroidManifest.xml:17:9-20:40
82            android:name="com.here.sdk.engine.InitProvider"
82-->[:heresdk-explore-4.6.4.0.4649.release:] AndroidManifest.xml:18:13-60
83            android:authorities="com.example.blank.com.here.sdk.engine.InitProvider"
83-->[:heresdk-explore-4.6.4.0.4649.release:] AndroidManifest.xml:19:13-84
84            android:exported="false" />
84-->[:heresdk-explore-4.6.4.0.4649.release:] AndroidManifest.xml:20:13-37
85    </application>
86
87</manifest>